<?xml version="1.0" encoding="UTF-8"?>
<!-- Generated by org.testng.reporters.JUnitXMLReporter -->
<testsuite ignored="0" hostname="LAPTOP-K8PVREI3" failures="0" tests="6" name="BatchExecution" time="29.117" errors="0" timestamp="2022-11-04T23:13:40 IST">
  <testcase classname="com.trello.testingbytestng.ActiTimeTestNG" name="testScript" time="9.787"/>
  <testcase classname="com.trello.testingbytestng.GroupExecution_01_TestNG" name="testCaseMethod" time="0.0"/>
  <testcase classname="com.trello.testingbytestng.KGF" name="adheeraTest" time="0.0"/>
  <testcase classname="com.trello.testingbytestng.KGF" name="garudaTest" time="0.016"/>
  <testcase classname="com.trello.testingbytestng.KGF" name="ramikaSenTest" time="0.0"/>
  <testcase classname="com.trello.testingbytestng.KGF" name="rockyTest" time="0.0"/>
</testsuite> <!-- BatchExecution -->
