<?xml version="1.0" encoding="UTF-8"?>
<!-- Generated by org.testng.reporters.JUnitXMLReporter -->
<testsuite ignored="0" hostname="LAPTOP-K8PVREI3" failures="0" tests="12" name="BatchExecution" time="35.638" errors="0" timestamp="2022-11-05T10:48:50 IST">
  <testcase classname="com.trello.testingbytestng.ActiTimeTestNG" name="testScript" time="14.453"/>
  <testcase classname="com.trello.testingbytestng.GroupExecution_01_TestNG" name="testcaseMethod" time="0.0"/>
  <testcase classname="com.trello.testingbytestng.KGF" name="adheeraTest" time="0.016"/>
  <testcase classname="com.trello.testingbytestng.KGF" name="garudaTest" time="0.0"/>
  <testcase classname="com.trello.testingbytestng.KGF" name="suryavardhanTest" time="0.0"/>
  <testcase classname="com.trello.testingbytestng.KGF" name="ramikaSenTest" time="0.0"/>
  <testcase classname="com.trello.testingbytestng.KGF" name="rajendraDesaiTest" time="0.0"/>
  <testcase classname="com.trello.testingbytestng.KGF" name="rockyTest" time="0.015"/>
  <testcase classname="com.trello.testingbytestng.KGF" name="rockyTest" time="0.0"/>
  <testcase classname="com.trello.testingbytestng.KGF" name="rockyTest" time="0.016"/>
  <testcase classname="com.trello.testingbytestng.KGF" name="vanaramTest" time="0.0"/>
  <testcase classname="com.trello.testingbytestng.KGF" name="mumbaiShettyTest" time="0.0"/>
</testsuite> <!-- BatchExecution -->
