<?xml version="1.0" encoding="UTF-8"?>
<testng-results ignored="0" total="12" passed="12" failed="0" skipped="0">
  <reporter-output>
  </reporter-output>
  <suite started-at="2022-11-05T10:48:15 IST" name="BatchSuite" finished-at="2022-11-05T10:48:50 IST" duration-ms="35638">
    <groups>
    </groups>
    <test started-at="2022-11-05T10:48:15 IST" name="BatchExecution" finished-at="2022-11-05T10:48:50 IST" duration-ms="35638">
      <class name="com.trello.testingbytestng.ActiTimeTestNG">
        <test-method is-config="true" signature="preConditionForAll()[pri:0, instance:com.trello.testingbytestng.ActiTimeTestNG@2e005c4b]" started-at="2022-11-05T10:48:15 IST" name="preConditionForAll" finished-at="2022-11-05T10:48:17 IST" duration-ms="2182" status="PASS">
          <reporter-output>
          </reporter-output>
        </test-method> <!-- preConditionForAll -->
        <test-method is-config="true" signature="preConditionForTest()[pri:0, instance:com.trello.testingbytestng.ActiTimeTestNG@2e005c4b]" started-at="2022-11-05T10:48:17 IST" name="preConditionForTest" finished-at="2022-11-05T10:48:33 IST" duration-ms="15504" status="PASS">
          <reporter-output>
          </reporter-output>
        </test-method> <!-- preConditionForTest -->
        <test-method signature="testScript()[pri:0, instance:com.trello.testingbytestng.ActiTimeTestNG@2e005c4b]" started-at="2022-11-05T10:48:33 IST" name="testScript" finished-at="2022-11-05T10:48:47 IST" duration-ms="14453" status="PASS">
          <reporter-output>
          </reporter-output>
        </test-method> <!-- testScript -->
        <test-method is-config="true" signature="postConditionForTest()[pri:0, instance:com.trello.testingbytestng.ActiTimeTestNG@2e005c4b]" started-at="2022-11-05T10:48:47 IST" name="postConditionForTest" finished-at="2022-11-05T10:48:50 IST" duration-ms="2707" status="PASS">
          <reporter-output>
          </reporter-output>
        </test-method> <!-- postConditionForTest -->
        <test-method is-config="true" signature="postConditionForAll()[pri:0, instance:com.trello.testingbytestng.ActiTimeTestNG@2e005c4b]" started-at="2022-11-05T10:48:50 IST" name="postConditionForAll" finished-at="2022-11-05T10:48:50 IST" duration-ms="666" status="PASS">
          <reporter-output>
          </reporter-output>
        </test-method> <!-- postConditionForAll -->
      </class> <!-- com.trello.testingbytestng.ActiTimeTestNG -->
      <class name="com.trello.testingbytestng.KGF">
        <test-method signature="adheeraTest()[pri:1, instance:com.trello.testingbytestng.KGF@1aa7ecca]" started-at="2022-11-05T10:48:50 IST" name="adheeraTest" finished-at="2022-11-05T10:48:50 IST" duration-ms="16" status="PASS">
          <reporter-output>
          </reporter-output>
        </test-method> <!-- adheeraTest -->
        <test-method signature="suryavardhanTest()[pri:3, instance:com.trello.testingbytestng.KGF@1aa7ecca]" started-at="2022-11-05T10:48:50 IST" name="suryavardhanTest" finished-at="2022-11-05T10:48:50 IST" duration-ms="0" status="PASS">
          <reporter-output>
          </reporter-output>
        </test-method> <!-- suryavardhanTest -->
        <test-method signature="garudaTest()[pri:2, instance:com.trello.testingbytestng.KGF@1aa7ecca]" started-at="2022-11-05T10:48:50 IST" name="garudaTest" finished-at="2022-11-05T10:48:50 IST" duration-ms="0" status="PASS">
          <reporter-output>
          </reporter-output>
        </test-method> <!-- garudaTest -->
        <test-method signature="ramikaSenTest()[pri:4, instance:com.trello.testingbytestng.KGF@1aa7ecca]" started-at="2022-11-05T10:48:50 IST" name="ramikaSenTest" finished-at="2022-11-05T10:48:50 IST" duration-ms="0" status="PASS">
          <reporter-output>
          </reporter-output>
        </test-method> <!-- ramikaSenTest -->
        <test-method signature="rajendraDesaiTest()[pri:5, instance:com.trello.testingbytestng.KGF@1aa7ecca]" started-at="2022-11-05T10:48:50 IST" name="rajendraDesaiTest" finished-at="2022-11-05T10:48:50 IST" duration-ms="0" status="PASS">
          <reporter-output>
          </reporter-output>
        </test-method> <!-- rajendraDesaiTest -->
        <test-method signature="rockyTest()[pri:6, instance:com.trello.testingbytestng.KGF@1aa7ecca]" started-at="2022-11-05T10:48:50 IST" name="rockyTest" finished-at="2022-11-05T10:48:50 IST" depends-on-methods="com.trello.testingbytestng.KGF.garudaTest, com.trello.testingbytestng.KGF.rajendraDesaiTest, com.trello.testingbytestng.KGF.adheeraTest" duration-ms="15" status="PASS">
          <reporter-output>
          </reporter-output>
        </test-method> <!-- rockyTest -->
        <test-method signature="rockyTest()[pri:6, instance:com.trello.testingbytestng.KGF@1aa7ecca]" started-at="2022-11-05T10:48:50 IST" name="rockyTest" finished-at="2022-11-05T10:48:50 IST" depends-on-methods="com.trello.testingbytestng.KGF.garudaTest, com.trello.testingbytestng.KGF.rajendraDesaiTest, com.trello.testingbytestng.KGF.adheeraTest" duration-ms="0" status="PASS">
          <reporter-output>
          </reporter-output>
        </test-method> <!-- rockyTest -->
        <test-method signature="rockyTest()[pri:6, instance:com.trello.testingbytestng.KGF@1aa7ecca]" started-at="2022-11-05T10:48:50 IST" name="rockyTest" finished-at="2022-11-05T10:48:50 IST" depends-on-methods="com.trello.testingbytestng.KGF.garudaTest, com.trello.testingbytestng.KGF.rajendraDesaiTest, com.trello.testingbytestng.KGF.adheeraTest" duration-ms="16" status="PASS">
          <reporter-output>
          </reporter-output>
        </test-method> <!-- rockyTest -->
        <test-method signature="vanaramTest()[pri:7, instance:com.trello.testingbytestng.KGF@1aa7ecca]" started-at="2022-11-05T10:48:50 IST" name="vanaramTest" finished-at="2022-11-05T10:48:50 IST" duration-ms="0" status="PASS">
          <reporter-output>
          </reporter-output>
        </test-method> <!-- vanaramTest -->
        <test-method signature="mumbaiShettyTest()[pri:8, instance:com.trello.testingbytestng.KGF@1aa7ecca]" started-at="2022-11-05T10:48:50 IST" name="mumbaiShettyTest" finished-at="2022-11-05T10:48:50 IST" duration-ms="0" status="PASS">
          <reporter-output>
          </reporter-output>
        </test-method> <!-- mumbaiShettyTest -->
      </class> <!-- com.trello.testingbytestng.KGF -->
      <class name="com.trello.testingbytestng.GroupExecution_01_TestNG">
        <test-method is-config="true" signature="beforeSuite()[pri:0, instance:com.trello.testingbytestng.GroupExecution_01_TestNG@67d48005]" started-at="2022-11-05T10:48:15 IST" name="beforeSuite" finished-at="2022-11-05T10:48:15 IST" duration-ms="8" status="PASS">
          <reporter-output>
          </reporter-output>
        </test-method> <!-- beforeSuite -->
        <test-method is-config="true" signature="beforeTest()[pri:0, instance:com.trello.testingbytestng.GroupExecution_01_TestNG@67d48005]" started-at="2022-11-05T10:48:15 IST" name="beforeTest" finished-at="2022-11-05T10:48:15 IST" duration-ms="1" status="PASS">
          <reporter-output>
          </reporter-output>
        </test-method> <!-- beforeTest -->
        <test-method is-config="true" signature="beforeMethod()[pri:0, instance:com.trello.testingbytestng.GroupExecution_01_TestNG@67d48005]" started-at="2022-11-05T10:48:50 IST" name="beforeMethod" finished-at="2022-11-05T10:48:50 IST" duration-ms="0" status="PASS">
          <reporter-output>
          </reporter-output>
        </test-method> <!-- beforeMethod -->
        <test-method signature="testcaseMethod()[pri:0, instance:com.trello.testingbytestng.GroupExecution_01_TestNG@67d48005]" started-at="2022-11-05T10:48:50 IST" name="testcaseMethod" finished-at="2022-11-05T10:48:50 IST" duration-ms="0" status="PASS">
          <reporter-output>
          </reporter-output>
        </test-method> <!-- testcaseMethod -->
        <test-method is-config="true" signature="afterClass()[pri:0, instance:com.trello.testingbytestng.GroupExecution_01_TestNG@67d48005]" started-at="2022-11-05T10:48:50 IST" name="afterClass" finished-at="2022-11-05T10:48:50 IST" duration-ms="0" status="PASS">
          <reporter-output>
          </reporter-output>
        </test-method> <!-- afterClass -->
        <test-method is-config="true" signature="afterMethod()[pri:0, instance:com.trello.testingbytestng.GroupExecution_01_TestNG@67d48005]" started-at="2022-11-05T10:48:50 IST" name="afterMethod" finished-at="2022-11-05T10:48:50 IST" duration-ms="0" status="PASS">
          <reporter-output>
          </reporter-output>
        </test-method> <!-- afterMethod -->
        <test-method is-config="true" signature="beforeClass()[pri:0, instance:com.trello.testingbytestng.GroupExecution_01_TestNG@67d48005]" started-at="2022-11-05T10:48:50 IST" name="beforeClass" finished-at="2022-11-05T10:48:50 IST" duration-ms="0" status="PASS">
          <reporter-output>
          </reporter-output>
        </test-method> <!-- beforeClass -->
        <test-method is-config="true" signature="afterTest()[pri:0, instance:com.trello.testingbytestng.GroupExecution_01_TestNG@67d48005]" started-at="2022-11-05T10:48:50 IST" name="afterTest" finished-at="2022-11-05T10:48:50 IST" duration-ms="0" status="PASS">
          <reporter-output>
          </reporter-output>
        </test-method> <!-- afterTest -->
        <test-method is-config="true" signature="afterSuite()[pri:0, instance:com.trello.testingbytestng.GroupExecution_01_TestNG@67d48005]" started-at="2022-11-05T10:48:50 IST" name="afterSuite" finished-at="2022-11-05T10:48:50 IST" duration-ms="0" status="PASS">
          <reporter-output>
          </reporter-output>
        </test-method> <!-- afterSuite -->
      </class> <!-- com.trello.testingbytestng.GroupExecution_01_TestNG -->
    </test> <!-- BatchExecution -->
  </suite> <!-- BatchSuite -->
</testng-results>
